2021-02-04 19:02:113 INFO  BrowserSelector :18 - Launching Chrome Browser
2021-02-04 19:02:497 INFO  BrowserSelector :18 - Launching Chrome Browser
2021-02-05 09:02:533 INFO  BrowserSelector :18 - Launching Chrome Browser
2021-02-05 12:02:398 INFO  BrowserSelector :17 - Launching Chrome Browser
2021-02-05 12:02:507 INFO  HomePage :36 - Enter job title [[ChromeDriver: chrome on WINDOWS (2f7e884ddb704e73c357eca915816c92)] -> id: keywords]
2021-02-05 12:02:637 INFO  HomePage :42 - Enter location title [[ChromeDriver: chrome on WINDOWS (2f7e884ddb704e73c357eca915816c92)] -> id: location]
2021-02-05 12:02:89 INFO  BrowserSelector :17 - Launching Chrome Browser
2021-02-05 12:02:387 INFO  HomePage :36 - Enter job title [[ChromeDriver: chrome on WINDOWS (142d378da8db70c8a8b566d2483025b8)] -> id: keywords]
2021-02-05 12:02:516 INFO  HomePage :42 - Enter location title [[ChromeDriver: chrome on WINDOWS (142d378da8db70c8a8b566d2483025b8)] -> id: location]
2021-02-05 12:02:485 INFO  BrowserSelector :17 - Launching Chrome Browser
2021-02-05 12:02:387 INFO  HomePage :36 - Enter job title [[ChromeDriver: chrome on WINDOWS (2f36c4bf3f7f3890e1bbf4faeeaeba1c)] -> id: keywords]
2021-02-05 12:02:505 INFO  HomePage :42 - Enter location title [[ChromeDriver: chrome on WINDOWS (2f36c4bf3f7f3890e1bbf4faeeaeba1c)] -> id: location]
2021-02-05 14:02:947 INFO  BrowserSelector :17 - Launching Chrome Browser
2021-02-05 14:02:657 INFO  HomePage :36 - Enter job title [[ChromeDriver: chrome on WINDOWS (bce97ceeeb58db18b95b311e85ef7d7a)] -> id: keywords]
2021-02-05 14:02:785 INFO  HomePage :42 - Enter location title [[ChromeDriver: chrome on WINDOWS (bce97ceeeb58db18b95b311e85ef7d7a)] -> id: location]
2021-02-05 14:02:542 INFO  BrowserSelector :17 - Launching Chrome Browser
2021-02-05 14:02:915 INFO  HomePage :36 - Enter job title [[ChromeDriver: chrome on WINDOWS (0294788d22beac387da57c4a64d32acc)] -> id: keywords]
2021-02-05 14:02:11 INFO  HomePage :42 - Enter location title [[ChromeDriver: chrome on WINDOWS (0294788d22beac387da57c4a64d32acc)] -> id: location]
2021-02-05 17:02:378 INFO  BrowserSelector :17 - Launching Chrome Browser
2021-02-05 17:02:58 INFO  HomePage :36 - Enter job title [[ChromeDriver: chrome on WINDOWS (67945e52c8c39ba285e5b11624946eb3)] -> id: keywords]
2021-02-05 17:02:235 INFO  HomePage :42 - Enter location title [[ChromeDriver: chrome on WINDOWS (67945e52c8c39ba285e5b11624946eb3)] -> id: location]
2021-02-05 17:02:404 INFO  BrowserSelector :17 - Launching Chrome Browser
2021-02-05 17:02:824 INFO  HomePage :36 - Enter job title [[ChromeDriver: chrome on WINDOWS (98a16758f0a29a69aed3e9b6e042a22c)] -> id: keywords]
2021-02-05 17:02:150 INFO  HomePage :42 - Enter location title [[ChromeDriver: chrome on WINDOWS (98a16758f0a29a69aed3e9b6e042a22c)] -> id: location]
2021-02-05 17:02:896 INFO  BrowserSelector :17 - Launching Chrome Browser
2021-02-05 17:02:212 INFO  HomePage :37 - Enter job title [[ChromeDriver: chrome on WINDOWS (22d82db3dc0ff0f15de79ba0bba56e4b)] -> id: keywords]
2021-02-05 17:02:391 INFO  HomePage :43 - Enter location title [[ChromeDriver: chrome on WINDOWS (22d82db3dc0ff0f15de79ba0bba56e4b)] -> id: location]
2021-02-05 18:02:653 INFO  BrowserSelector :17 - Launching Chrome Browser
2021-02-05 18:02:465 INFO  HomePage :42 - Enter job title [[ChromeDriver: chrome on WINDOWS (eadea449aba459916301145934560c39)] -> id: keywords]
2021-02-05 18:02:651 INFO  HomePage :48 - Enter location title [[ChromeDriver: chrome on WINDOWS (eadea449aba459916301145934560c39)] -> id: location]
2021-02-05 18:02:579 INFO  BrowserSelector :17 - Launching Chrome Browser
2021-02-05 18:02:340 INFO  HomePage :42 - Enter job title [[ChromeDriver: chrome on WINDOWS (740eb8a55b99ad83412e2c067a64ca0b)] -> id: keywords]
2021-02-05 18:02:574 INFO  HomePage :48 - Enter location title [[ChromeDriver: chrome on WINDOWS (740eb8a55b99ad83412e2c067a64ca0b)] -> id: location]
2021-02-05 18:02:806 INFO  BrowserSelector :17 - Launching Chrome Browser
2021-02-05 18:02:446 INFO  HomePage :43 - Enter job title [[ChromeDriver: chrome on WINDOWS (ebcabda12d454431b0591de94ca8a556)] -> id: keywords]
2021-02-05 18:02:560 INFO  HomePage :49 - Enter location title [[ChromeDriver: chrome on WINDOWS (ebcabda12d454431b0591de94ca8a556)] -> id: location]
2021-02-05 18:02:527 INFO  BrowserSelector :17 - Launching Chrome Browser
2021-02-05 18:02:418 INFO  HomePage :43 - Enter job title [[ChromeDriver: chrome on WINDOWS (89803f4b2c55461f077378be16ede810)] -> id: keywords]
2021-02-05 18:02:544 INFO  HomePage :49 - Enter location title [[ChromeDriver: chrome on WINDOWS (89803f4b2c55461f077378be16ede810)] -> id: location]
2021-02-05 18:02:84 INFO  BrowserSelector :17 - Launching Chrome Browser
2021-02-05 18:02:119 INFO  HomePage :43 - Enter job title [[ChromeDriver: chrome on WINDOWS (74a0f326006ebc7b7c5f5015225370d5)] -> id: keywords]
2021-02-05 18:02:250 INFO  HomePage :49 - Enter location title [[ChromeDriver: chrome on WINDOWS (74a0f326006ebc7b7c5f5015225370d5)] -> id: location]
2021-02-05 18:02:516 INFO  BrowserSelector :17 - Launching Chrome Browser
2021-02-05 18:02:972 INFO  HomePage :43 - Enter job title [[ChromeDriver: chrome on WINDOWS (cc114dbc26a3756f0f0df8c5071d4604)] -> id: keywords]
2021-02-05 18:02:86 INFO  HomePage :49 - Enter location title [[ChromeDriver: chrome on WINDOWS (cc114dbc26a3756f0f0df8c5071d4604)] -> id: location]
2021-02-05 18:02:684 INFO  BrowserSelector :17 - Launching Chrome Browser
2021-02-05 18:02:328 INFO  HomePage :43 - Enter job title [[ChromeDriver: chrome on WINDOWS (b311fa989547614e0587156327aafcbd)] -> id: keywords]
2021-02-05 18:02:476 INFO  HomePage :49 - Enter location title [[ChromeDriver: chrome on WINDOWS (b311fa989547614e0587156327aafcbd)] -> id: location]
2021-02-05 18:02:192 INFO  BrowserSelector :17 - Launching Chrome Browser
2021-02-05 18:02:992 INFO  HomePage :43 - Enter job title [[ChromeDriver: chrome on WINDOWS (571b8443fc01a5692930c92f593eaf7a)] -> id: keywords]
2021-02-05 18:02:117 INFO  HomePage :49 - Enter location title [[ChromeDriver: chrome on WINDOWS (571b8443fc01a5692930c92f593eaf7a)] -> id: location]
2021-02-05 18:02:45 INFO  BrowserSelector :17 - Launching Chrome Browser
2021-02-05 18:02:38 INFO  HomePage :43 - Enter job title [[ChromeDriver: chrome on WINDOWS (8d2430bfd7ed757e4a460c3ab49a4a5b)] -> id: keywords]
2021-02-05 18:02:162 INFO  HomePage :49 - Enter location title [[ChromeDriver: chrome on WINDOWS (8d2430bfd7ed757e4a460c3ab49a4a5b)] -> id: location]
2021-02-05 18:02:535 INFO  BrowserSelector :17 - Launching Chrome Browser
2021-02-05 18:02:629 INFO  HomePage :43 - Enter job title [[ChromeDriver: chrome on WINDOWS (320d835328a67be516b0c69adfa0327c)] -> id: keywords]
2021-02-05 18:02:760 INFO  HomePage :49 - Enter location title [[ChromeDriver: chrome on WINDOWS (320d835328a67be516b0c69adfa0327c)] -> id: location]
2021-02-05 18:02:974 INFO  BrowserSelector :17 - Launching Chrome Browser
2021-02-05 18:02:361 INFO  HomePage :43 - Enter job title [[ChromeDriver: chrome on WINDOWS (a87c01050aeab33a426191810319377a)] -> id: keywords]
2021-02-05 18:02:476 INFO  HomePage :49 - Enter location title [[ChromeDriver: chrome on WINDOWS (a87c01050aeab33a426191810319377a)] -> id: location]
2021-02-05 20:02:872 INFO  BrowserSelector :17 - Launching Chrome Browser
2021-02-05 20:02:20 INFO  HomePage :43 - Enter job title [[ChromeDriver: chrome on WINDOWS (44e8fc86500ff4b3d057a8570e46ccbd)] -> id: keywords]
2021-02-05 20:02:215 INFO  HomePage :49 - Enter location title [[ChromeDriver: chrome on WINDOWS (44e8fc86500ff4b3d057a8570e46ccbd)] -> id: location]
2021-02-05 20:02:514 INFO  BrowserSelector :17 - Launching Chrome Browser
2021-02-05 20:02:153 INFO  BrowserSelector :17 - Launching Chrome Browser
2021-02-05 20:02:323 INFO  HomePage :43 - Enter job title [[ChromeDriver: chrome on WINDOWS (7f72aaca44dc757e985494d14b2d3b85)] -> id: keywords]
2021-02-05 20:02:442 INFO  HomePage :49 - Enter location title [[ChromeDriver: chrome on WINDOWS (7f72aaca44dc757e985494d14b2d3b85)] -> id: location]
2021-02-05 20:02:730 INFO  HomePage :56 - Enter distance title [[ChromeDriver: chrome on WINDOWS (7f72aaca44dc757e985494d14b2d3b85)] -> id: distance]
2021-02-05 20:02:824 INFO  BrowserSelector :17 - Launching Chrome Browser
2021-02-05 20:02:271 INFO  HomePage :43 - Enter job title [[ChromeDriver: chrome on WINDOWS (ccdf517ff78a5de58972f3b6196c492b)] -> id: keywords]
2021-02-05 20:02:404 INFO  HomePage :49 - Enter location title [[ChromeDriver: chrome on WINDOWS (ccdf517ff78a5de58972f3b6196c492b)] -> id: location]
2021-02-05 20:02:645 INFO  HomePage :56 - Enter distance title [[ChromeDriver: chrome on WINDOWS (ccdf517ff78a5de58972f3b6196c492b)] -> id: distance]
2021-02-05 20:02:935 INFO  HomePage :62 - Click on more search  [[ChromeDriver: chrome on WINDOWS (ccdf517ff78a5de58972f3b6196c492b)] -> id: toggle-hp-search]
2021-02-05 20:02:195 INFO  HomePage :69 - Enter salarymin [[ChromeDriver: chrome on WINDOWS (ccdf517ff78a5de58972f3b6196c492b)] -> id: salarymin]
2021-02-05 20:02:324 INFO  HomePage :77 - Enter salarymax [[ChromeDriver: chrome on WINDOWS (ccdf517ff78a5de58972f3b6196c492b)] -> id: salarymax]
2021-02-05 20:02:453 INFO  HomePage :83 - Enter salarytype [[ChromeDriver: chrome on WINDOWS (ccdf517ff78a5de58972f3b6196c492b)] -> id: salarytype]
2021-02-05 20:02:612 INFO  HomePage :90 - Enter jobtype [[ChromeDriver: chrome on WINDOWS (ccdf517ff78a5de58972f3b6196c492b)] -> id: tempperm]
2021-02-05 20:02:127 INFO  BrowserSelector :17 - Launching Chrome Browser
2021-02-05 20:02:488 INFO  HomePage :43 - Enter job title [[ChromeDriver: chrome on WINDOWS (663decbb5046acd95470e76d79f4edba)] -> id: keywords]
2021-02-05 20:02:612 INFO  HomePage :49 - Enter location title [[ChromeDriver: chrome on WINDOWS (663decbb5046acd95470e76d79f4edba)] -> id: location]
2021-02-05 20:02:884 INFO  HomePage :56 - Enter distance title [[ChromeDriver: chrome on WINDOWS (663decbb5046acd95470e76d79f4edba)] -> id: distance]
2021-02-05 20:02:247 INFO  HomePage :62 - Click on more search  [[ChromeDriver: chrome on WINDOWS (663decbb5046acd95470e76d79f4edba)] -> id: toggle-hp-search]
2021-02-05 20:02:349 INFO  HomePage :69 - Enter salarymin [[ChromeDriver: chrome on WINDOWS (663decbb5046acd95470e76d79f4edba)] -> id: salarymin]
2021-02-05 20:02:603 INFO  HomePage :77 - Enter salarymax [[ChromeDriver: chrome on WINDOWS (663decbb5046acd95470e76d79f4edba)] -> id: salarymax]
2021-02-05 20:02:728 INFO  HomePage :83 - Enter salarytype [[ChromeDriver: chrome on WINDOWS (663decbb5046acd95470e76d79f4edba)] -> id: salarytype]
2021-02-05 20:02:844 INFO  HomePage :90 - Enter jobtype [[ChromeDriver: chrome on WINDOWS (663decbb5046acd95470e76d79f4edba)] -> id: tempperm]
2021-02-05 20:02:137 INFO  BrowserSelector :17 - Launching Chrome Browser
2021-02-05 20:02:353 INFO  HomePage :43 - Enter job title [[ChromeDriver: chrome on WINDOWS (000a26daaf2bbe1caef7d9b87d400209)] -> id: keywords]
2021-02-05 20:02:464 INFO  HomePage :49 - Enter location title [[ChromeDriver: chrome on WINDOWS (000a26daaf2bbe1caef7d9b87d400209)] -> id: location]
2021-02-05 20:02:686 INFO  HomePage :56 - Enter distance title [[ChromeDriver: chrome on WINDOWS (000a26daaf2bbe1caef7d9b87d400209)] -> id: distance]
2021-02-05 20:02:12 INFO  HomePage :62 - Click on more search  [[ChromeDriver: chrome on WINDOWS (000a26daaf2bbe1caef7d9b87d400209)] -> id: toggle-hp-search]
2021-02-05 20:02:299 INFO  HomePage :69 - Enter salarymin [[ChromeDriver: chrome on WINDOWS (000a26daaf2bbe1caef7d9b87d400209)] -> id: salarymin]
2021-02-05 20:02:393 INFO  HomePage :77 - Enter salarymax [[ChromeDriver: chrome on WINDOWS (000a26daaf2bbe1caef7d9b87d400209)] -> id: salarymax]
2021-02-05 20:02:500 INFO  HomePage :83 - Enter salarytype [[ChromeDriver: chrome on WINDOWS (000a26daaf2bbe1caef7d9b87d400209)] -> id: salarytype]
2021-02-05 20:02:654 INFO  HomePage :90 - Enter jobtype [[ChromeDriver: chrome on WINDOWS (000a26daaf2bbe1caef7d9b87d400209)] -> id: tempperm]
2021-02-05 20:02:991 INFO  BrowserSelector :17 - Launching Chrome Browser
2021-02-05 20:02:115 INFO  HomePage :43 - Enter job title [[ChromeDriver: chrome on WINDOWS (88992ddd8adfe8acfbbb052ade718c9e)] -> id: keywords]
2021-02-05 20:02:368 INFO  HomePage :49 - Enter location title [[ChromeDriver: chrome on WINDOWS (88992ddd8adfe8acfbbb052ade718c9e)] -> id: location]
2021-02-05 20:02:553 INFO  HomePage :56 - Enter distance title [[ChromeDriver: chrome on WINDOWS (88992ddd8adfe8acfbbb052ade718c9e)] -> id: distance]
2021-02-05 20:02:836 INFO  HomePage :62 - Click on more search  [[ChromeDriver: chrome on WINDOWS (88992ddd8adfe8acfbbb052ade718c9e)] -> id: toggle-hp-search]
2021-02-05 20:02:92 INFO  HomePage :69 - Enter salarymin [[ChromeDriver: chrome on WINDOWS (88992ddd8adfe8acfbbb052ade718c9e)] -> id: salarymin]
2021-02-05 20:02:218 INFO  HomePage :77 - Enter salarymax [[ChromeDriver: chrome on WINDOWS (88992ddd8adfe8acfbbb052ade718c9e)] -> id: salarymax]
2021-02-05 20:02:335 INFO  HomePage :83 - Enter salarytype [[ChromeDriver: chrome on WINDOWS (88992ddd8adfe8acfbbb052ade718c9e)] -> id: salarytype]
2021-02-05 20:02:526 INFO  HomePage :90 - Enter jobtype [[ChromeDriver: chrome on WINDOWS (88992ddd8adfe8acfbbb052ade718c9e)] -> id: tempperm]
2021-02-05 20:02:197 INFO  HomePage :97 - Enter jobtype [[ChromeDriver: chrome on WINDOWS (88992ddd8adfe8acfbbb052ade718c9e)] -> id: hp-search-btn]
2021-02-05 20:02:800 INFO  BrowserSelector :17 - Launching Chrome Browser
2021-02-05 20:02:587 INFO  HomePage :43 - Enter job title [[ChromeDriver: chrome on WINDOWS (ae1e5971f935b342f71c46a0d9cc57bb)] -> id: keywords]
2021-02-05 20:02:10 INFO  HomePage :49 - Enter location title [[ChromeDriver: chrome on WINDOWS (ae1e5971f935b342f71c46a0d9cc57bb)] -> id: location]
2021-02-05 20:02:222 INFO  HomePage :56 - Enter distance title [[ChromeDriver: chrome on WINDOWS (ae1e5971f935b342f71c46a0d9cc57bb)] -> id: distance]
2021-02-05 20:02:395 INFO  HomePage :62 - Click on more search  [[ChromeDriver: chrome on WINDOWS (ae1e5971f935b342f71c46a0d9cc57bb)] -> id: toggle-hp-search]
2021-02-05 20:02:853 INFO  HomePage :69 - Enter salarymin [[ChromeDriver: chrome on WINDOWS (ae1e5971f935b342f71c46a0d9cc57bb)] -> id: salarymin]
2021-02-05 20:02:23 INFO  HomePage :77 - Enter salarymax [[ChromeDriver: chrome on WINDOWS (ae1e5971f935b342f71c46a0d9cc57bb)] -> id: salarymax]
2021-02-05 20:02:160 INFO  HomePage :83 - Enter salarytype [[ChromeDriver: chrome on WINDOWS (ae1e5971f935b342f71c46a0d9cc57bb)] -> id: salarytype]
2021-02-05 20:02:339 INFO  HomePage :90 - Enter jobtype [[ChromeDriver: chrome on WINDOWS (ae1e5971f935b342f71c46a0d9cc57bb)] -> id: tempperm]
2021-02-05 20:02:482 INFO  BrowserSelector :17 - Launching Chrome Browser
2021-02-05 20:02:12 INFO  HomePage :43 - Enter job title [[ChromeDriver: chrome on WINDOWS (3aaa3f31b748574464e1a0f77a292bce)] -> id: keywords]
2021-02-05 20:02:282 INFO  HomePage :49 - Enter location title [[ChromeDriver: chrome on WINDOWS (3aaa3f31b748574464e1a0f77a292bce)] -> id: location]
2021-02-05 20:02:427 INFO  HomePage :56 - Enter distance title [[ChromeDriver: chrome on WINDOWS (3aaa3f31b748574464e1a0f77a292bce)] -> id: distance]
2021-02-05 20:02:776 INFO  HomePage :62 - Click on more search  [[ChromeDriver: chrome on WINDOWS (3aaa3f31b748574464e1a0f77a292bce)] -> id: toggle-hp-search]
2021-02-05 20:02:46 INFO  HomePage :69 - Enter salarymin [[ChromeDriver: chrome on WINDOWS (3aaa3f31b748574464e1a0f77a292bce)] -> id: salarymin]
2021-02-05 20:02:151 INFO  HomePage :77 - Enter salarymax [[ChromeDriver: chrome on WINDOWS (3aaa3f31b748574464e1a0f77a292bce)] -> id: salarymax]
2021-02-05 20:02:262 INFO  HomePage :83 - Enter salarytype [[ChromeDriver: chrome on WINDOWS (3aaa3f31b748574464e1a0f77a292bce)] -> id: salarytype]
2021-02-05 20:02:372 INFO  HomePage :90 - Enter jobtype [[ChromeDriver: chrome on WINDOWS (3aaa3f31b748574464e1a0f77a292bce)] -> id: tempperm]
2021-02-05 20:02:473 INFO  BrowserSelector :17 - Launching Chrome Browser
2021-02-05 20:02:269 INFO  HomePage :43 - Enter job title [[ChromeDriver: chrome on WINDOWS (6d31211ca125c19747a3b5db899e31a9)] -> id: keywords]
2021-02-05 20:02:575 INFO  HomePage :49 - Enter location title [[ChromeDriver: chrome on WINDOWS (6d31211ca125c19747a3b5db899e31a9)] -> id: location]
2021-02-05 20:02:731 INFO  HomePage :56 - Enter distance title [[ChromeDriver: chrome on WINDOWS (6d31211ca125c19747a3b5db899e31a9)] -> id: distance]
2021-02-05 20:02:971 INFO  HomePage :62 - Click on more search  [[ChromeDriver: chrome on WINDOWS (6d31211ca125c19747a3b5db899e31a9)] -> id: toggle-hp-search]
2021-02-05 20:02:254 INFO  HomePage :69 - Enter salarymin [[ChromeDriver: chrome on WINDOWS (6d31211ca125c19747a3b5db899e31a9)] -> id: salarymin]
2021-02-05 20:02:361 INFO  HomePage :77 - Enter salarymax [[ChromeDriver: chrome on WINDOWS (6d31211ca125c19747a3b5db899e31a9)] -> id: salarymax]
2021-02-05 20:02:473 INFO  HomePage :83 - Enter salarytype [[ChromeDriver: chrome on WINDOWS (6d31211ca125c19747a3b5db899e31a9)] -> id: salarytype]
2021-02-05 20:02:624 INFO  HomePage :90 - Enter jobtype [[ChromeDriver: chrome on WINDOWS (6d31211ca125c19747a3b5db899e31a9)] -> id: tempperm]
2021-02-05 20:02:801 INFO  HomePage :97 - Enter jobtype [[ChromeDriver: chrome on WINDOWS (6d31211ca125c19747a3b5db899e31a9)] -> id: hp-search-btn]
2021-02-05 20:02:211 INFO  BrowserSelector :17 - Launching Chrome Browser
2021-02-05 20:02:288 INFO  HomePage :43 - Enter job title [[ChromeDriver: chrome on WINDOWS (3f71bf927f2e7cdfd5ba512c2a3fb26a)] -> id: keywords]
2021-02-05 20:02:130 INFO  BrowserSelector :17 - Launching Chrome Browser
2021-02-05 20:02:127 INFO  HomePage :43 - Enter job title [[ChromeDriver: chrome on WINDOWS (82488422dba1f95ae51233e5f11f872f)] -> id: keywords]
2021-02-05 20:02:997 INFO  BrowserSelector :17 - Launching Chrome Browser
2021-02-05 20:02:728 INFO  BrowserSelector :17 - Launching Chrome Browser
2021-02-05 20:02:161 INFO  HomePage :43 - Enter job title [[ChromeDriver: chrome on WINDOWS (2fbd5801d039ed8705ea2b0c5e1a43ac)] -> id: keywords]
2021-02-05 20:02:367 INFO  BrowserSelector :17 - Launching Chrome Browser
2021-02-05 20:02:337 INFO  HomePage :43 - Enter job title [[ChromeDriver: chrome on WINDOWS (940ff8f0f3e8528b51d10a94ca733907)] -> id: keywords]
2021-02-05 20:02:468 INFO  HomePage :49 - Enter location title [[ChromeDriver: chrome on WINDOWS (940ff8f0f3e8528b51d10a94ca733907)] -> id: location]
2021-02-05 20:02:676 INFO  HomePage :56 - Enter distance title [[ChromeDriver: chrome on WINDOWS (940ff8f0f3e8528b51d10a94ca733907)] -> id: distance]
2021-02-05 20:02:374 INFO  BrowserSelector :17 - Launching Chrome Browser
2021-02-05 20:02:491 INFO  HomePage :43 - Enter job title [[ChromeDriver: chrome on WINDOWS (47176ae6578897eb8e85a2a06027c4a2)] -> id: keywords]
2021-02-05 20:02:641 INFO  HomePage :49 - Enter location title [[ChromeDriver: chrome on WINDOWS (47176ae6578897eb8e85a2a06027c4a2)] -> id: location]
2021-02-05 20:02:941 INFO  HomePage :56 - Enter distance title [[ChromeDriver: chrome on WINDOWS (47176ae6578897eb8e85a2a06027c4a2)] -> id: distance]
2021-02-05 20:02:308 INFO  HomePage :63 - Click on more search  [[ChromeDriver: chrome on WINDOWS (47176ae6578897eb8e85a2a06027c4a2)] -> id: toggle-hp-search]
2021-02-05 20:02:556 INFO  HomePage :70 - Enter salarymin [[ChromeDriver: chrome on WINDOWS (47176ae6578897eb8e85a2a06027c4a2)] -> id: salarymin]
2021-02-05 20:02:678 INFO  HomePage :78 - Enter salarymax [[ChromeDriver: chrome on WINDOWS (47176ae6578897eb8e85a2a06027c4a2)] -> id: salarymax]
2021-02-05 20:02:787 INFO  HomePage :84 - Enter salarytype [[ChromeDriver: chrome on WINDOWS (47176ae6578897eb8e85a2a06027c4a2)] -> id: salarytype]
2021-02-05 20:02:925 INFO  HomePage :91 - Enter jobtype [[ChromeDriver: chrome on WINDOWS (47176ae6578897eb8e85a2a06027c4a2)] -> id: tempperm]
2021-02-05 20:02:620 INFO  BrowserSelector :17 - Launching Chrome Browser
2021-02-05 20:02:48 INFO  HomePage :43 - Enter job title [[ChromeDriver: chrome on WINDOWS (090f657b10046bce42d1b29f4ccc8de6)] -> id: keywords]
2021-02-05 20:02:201 INFO  HomePage :49 - Enter location title [[ChromeDriver: chrome on WINDOWS (090f657b10046bce42d1b29f4ccc8de6)] -> id: location]
2021-02-05 20:02:423 INFO  HomePage :56 - Enter distance title [[ChromeDriver: chrome on WINDOWS (090f657b10046bce42d1b29f4ccc8de6)] -> id: distance]
2021-02-05 20:02:867 INFO  HomePage :63 - Click on more search  [[ChromeDriver: chrome on WINDOWS (090f657b10046bce42d1b29f4ccc8de6)] -> id: toggle-hp-search]
2021-02-05 20:02:102 INFO  HomePage :70 - Enter salarymin [[ChromeDriver: chrome on WINDOWS (090f657b10046bce42d1b29f4ccc8de6)] -> id: salarymin]
2021-02-05 20:02:259 INFO  HomePage :78 - Enter salarymax [[ChromeDriver: chrome on WINDOWS (090f657b10046bce42d1b29f4ccc8de6)] -> id: salarymax]
2021-02-05 20:02:466 INFO  HomePage :84 - Enter salarytype [[ChromeDriver: chrome on WINDOWS (090f657b10046bce42d1b29f4ccc8de6)] -> id: salarytype]
2021-02-05 20:02:627 INFO  HomePage :91 - Enter jobtype [[ChromeDriver: chrome on WINDOWS (090f657b10046bce42d1b29f4ccc8de6)] -> id: tempperm]
2021-02-05 20:02:221 INFO  BrowserSelector :17 - Launching Chrome Browser
2021-02-05 20:02:433 INFO  HomePage :43 - Enter job title [[ChromeDriver: chrome on WINDOWS (febe7f1a1718850b7664622f8ebe2d70)] -> id: keywords]
2021-02-05 20:02:573 INFO  HomePage :49 - Enter location title [[ChromeDriver: chrome on WINDOWS (febe7f1a1718850b7664622f8ebe2d70)] -> id: location]
2021-02-05 20:02:809 INFO  HomePage :56 - Enter distance title [[ChromeDriver: chrome on WINDOWS (febe7f1a1718850b7664622f8ebe2d70)] -> id: distance]
2021-02-05 20:02:49 INFO  HomePage :63 - Click on more search  [[ChromeDriver: chrome on WINDOWS (febe7f1a1718850b7664622f8ebe2d70)] -> id: toggle-hp-search]
2021-02-05 20:02:318 INFO  HomePage :70 - Enter salarymin [[ChromeDriver: chrome on WINDOWS (febe7f1a1718850b7664622f8ebe2d70)] -> id: salarymin]
2021-02-05 20:02:424 INFO  HomePage :78 - Enter salarymax [[ChromeDriver: chrome on WINDOWS (febe7f1a1718850b7664622f8ebe2d70)] -> id: salarymax]
2021-02-05 20:02:519 INFO  HomePage :84 - Enter salarytype [[ChromeDriver: chrome on WINDOWS (febe7f1a1718850b7664622f8ebe2d70)] -> id: salarytype]
2021-02-05 20:02:632 INFO  HomePage :91 - Enter jobtype [[ChromeDriver: chrome on WINDOWS (febe7f1a1718850b7664622f8ebe2d70)] -> id: tempperm]
2021-02-05 20:02:38 INFO  BrowserSelector :17 - Launching Chrome Browser
2021-02-05 20:02:853 INFO  HomePage :43 - Enter job title [[ChromeDriver: chrome on WINDOWS (5858a0438f4ceacc22f4a85eb44e04e5)] -> id: keywords]
2021-02-05 20:02:972 INFO  HomePage :49 - Enter location title [[ChromeDriver: chrome on WINDOWS (5858a0438f4ceacc22f4a85eb44e04e5)] -> id: location]
2021-02-05 20:02:160 INFO  HomePage :56 - Enter distance title [[ChromeDriver: chrome on WINDOWS (5858a0438f4ceacc22f4a85eb44e04e5)] -> id: distance]
2021-02-05 20:02:479 INFO  HomePage :63 - Click on more search  [[ChromeDriver: chrome on WINDOWS (5858a0438f4ceacc22f4a85eb44e04e5)] -> id: toggle-hp-search]
2021-02-05 20:02:687 INFO  HomePage :70 - Enter salarymin [[ChromeDriver: chrome on WINDOWS (5858a0438f4ceacc22f4a85eb44e04e5)] -> id: salarymin]
2021-02-05 20:02:788 INFO  HomePage :78 - Enter salarymax [[ChromeDriver: chrome on WINDOWS (5858a0438f4ceacc22f4a85eb44e04e5)] -> id: salarymax]
2021-02-05 20:02:899 INFO  HomePage :84 - Enter salarytype [[ChromeDriver: chrome on WINDOWS (5858a0438f4ceacc22f4a85eb44e04e5)] -> id: salarytype]
2021-02-05 20:02:39 INFO  HomePage :91 - Enter jobtype [[ChromeDriver: chrome on WINDOWS (5858a0438f4ceacc22f4a85eb44e04e5)] -> id: tempperm]
2021-02-05 20:02:187 INFO  HomePage :100 - Enter jobtype [[ChromeDriver: chrome on WINDOWS (5858a0438f4ceacc22f4a85eb44e04e5)] -> id: hp-search-btn]
2021-02-05 21:02:918 INFO  BrowserSelector :17 - Launching Chrome Browser
2021-02-05 21:02:904 INFO  HomePage :43 - Enter job title [[ChromeDriver: chrome on WINDOWS (146ccd4fb2afa8bcb303a2099a08efc6)] -> id: keywords]
2021-02-05 21:02:43 INFO  HomePage :49 - Enter location title [[ChromeDriver: chrome on WINDOWS (146ccd4fb2afa8bcb303a2099a08efc6)] -> id: location]
2021-02-05 21:02:241 INFO  HomePage :56 - Enter distance title [[ChromeDriver: chrome on WINDOWS (146ccd4fb2afa8bcb303a2099a08efc6)] -> id: distance]
2021-02-05 21:02:426 INFO  HomePage :63 - Click on more search  [[ChromeDriver: chrome on WINDOWS (146ccd4fb2afa8bcb303a2099a08efc6)] -> id: toggle-hp-search]
2021-02-05 21:02:729 INFO  HomePage :70 - Enter salarymin [[ChromeDriver: chrome on WINDOWS (146ccd4fb2afa8bcb303a2099a08efc6)] -> id: salarymin]
2021-02-05 21:02:825 INFO  HomePage :78 - Enter salarymax [[ChromeDriver: chrome on WINDOWS (146ccd4fb2afa8bcb303a2099a08efc6)] -> id: salarymax]
2021-02-05 21:02:917 INFO  HomePage :84 - Enter salarytype [[ChromeDriver: chrome on WINDOWS (146ccd4fb2afa8bcb303a2099a08efc6)] -> id: salarytype]
2021-02-05 21:02:49 INFO  HomePage :91 - Enter jobtype [[ChromeDriver: chrome on WINDOWS (146ccd4fb2afa8bcb303a2099a08efc6)] -> id: tempperm]
2021-02-05 21:02:170 INFO  HomePage :100 - Enter jobtype [[ChromeDriver: chrome on WINDOWS (146ccd4fb2afa8bcb303a2099a08efc6)] -> id: hp-search-btn]
2021-02-05 21:02:893 INFO  BrowserSelector :17 - Launching Chrome Browser
2021-02-05 21:02:609 INFO  HomePage :43 - Enter job title [[ChromeDriver: chrome on WINDOWS (df435965602855e7d543be1c727db25f)] -> id: keywords]
2021-02-05 21:02:712 INFO  HomePage :49 - Enter location title [[ChromeDriver: chrome on WINDOWS (df435965602855e7d543be1c727db25f)] -> id: location]
2021-02-05 21:02:870 INFO  HomePage :56 - Enter distance title [[ChromeDriver: chrome on WINDOWS (df435965602855e7d543be1c727db25f)] -> id: distance]
2021-02-05 21:02:139 INFO  HomePage :63 - Click on more search  [[ChromeDriver: chrome on WINDOWS (df435965602855e7d543be1c727db25f)] -> id: toggle-hp-search]
2021-02-05 21:02:332 INFO  HomePage :70 - Enter salarymin [[ChromeDriver: chrome on WINDOWS (df435965602855e7d543be1c727db25f)] -> id: salarymin]
2021-02-05 21:02:434 INFO  HomePage :78 - Enter salarymax [[ChromeDriver: chrome on WINDOWS (df435965602855e7d543be1c727db25f)] -> id: salarymax]
2021-02-05 21:02:508 INFO  HomePage :84 - Enter salarytype [[ChromeDriver: chrome on WINDOWS (df435965602855e7d543be1c727db25f)] -> id: salarytype]
2021-02-05 21:02:614 INFO  HomePage :91 - Enter jobtype [[ChromeDriver: chrome on WINDOWS (df435965602855e7d543be1c727db25f)] -> id: tempperm]
2021-02-05 21:02:722 INFO  HomePage :100 - Enter jobtype [[ChromeDriver: chrome on WINDOWS (df435965602855e7d543be1c727db25f)] -> id: hp-search-btn]
2021-02-05 21:02:803 INFO  BrowserSelector :17 - Launching Chrome Browser
2021-02-05 21:02:307 INFO  HomePage :43 - Enter job title [[ChromeDriver: chrome on WINDOWS (cc19e3683f26784a768db666c92866f6)] -> id: keywords]
2021-02-05 21:02:419 INFO  HomePage :49 - Enter location title [[ChromeDriver: chrome on WINDOWS (cc19e3683f26784a768db666c92866f6)] -> id: location]
2021-02-05 21:02:563 INFO  HomePage :56 - Enter distance title [[ChromeDriver: chrome on WINDOWS (cc19e3683f26784a768db666c92866f6)] -> id: distance]
2021-02-05 21:02:852 INFO  HomePage :63 - Click on more search  [[ChromeDriver: chrome on WINDOWS (cc19e3683f26784a768db666c92866f6)] -> id: toggle-hp-search]
2021-02-05 21:02:43 INFO  HomePage :70 - Enter salarymin [[ChromeDriver: chrome on WINDOWS (cc19e3683f26784a768db666c92866f6)] -> id: salarymin]
2021-02-05 21:02:139 INFO  HomePage :78 - Enter salarymax [[ChromeDriver: chrome on WINDOWS (cc19e3683f26784a768db666c92866f6)] -> id: salarymax]
2021-02-05 21:02:219 INFO  HomePage :84 - Enter salarytype [[ChromeDriver: chrome on WINDOWS (cc19e3683f26784a768db666c92866f6)] -> id: salarytype]
2021-02-05 21:02:339 INFO  HomePage :91 - Enter jobtype [[ChromeDriver: chrome on WINDOWS (cc19e3683f26784a768db666c92866f6)] -> id: tempperm]
2021-02-05 21:02:454 INFO  HomePage :100 - Enter jobtype [[ChromeDriver: chrome on WINDOWS (cc19e3683f26784a768db666c92866f6)] -> id: hp-search-btn]
2021-02-06 12:02:652 INFO  BrowserSelector :17 - Launching Chrome Browser
2021-02-06 12:02:543 INFO  HomePage :43 - Enter job title [[ChromeDriver: chrome on WINDOWS (9f5ebfd66899f1c8dacbdb74bcfd45ab)] -> id: keywords]
2021-02-06 12:02:649 INFO  HomePage :49 - Enter location title [[ChromeDriver: chrome on WINDOWS (9f5ebfd66899f1c8dacbdb74bcfd45ab)] -> id: location]
2021-02-06 12:02:806 INFO  HomePage :56 - Enter distance title [[ChromeDriver: chrome on WINDOWS (9f5ebfd66899f1c8dacbdb74bcfd45ab)] -> id: distance]
2021-02-06 12:02:78 INFO  HomePage :63 - Click on more search  [[ChromeDriver: chrome on WINDOWS (9f5ebfd66899f1c8dacbdb74bcfd45ab)] -> id: toggle-hp-search]
2021-02-06 12:02:288 INFO  HomePage :70 - Enter salarymin [[ChromeDriver: chrome on WINDOWS (9f5ebfd66899f1c8dacbdb74bcfd45ab)] -> id: salarymin]
2021-02-06 12:02:382 INFO  HomePage :78 - Enter salarymax [[ChromeDriver: chrome on WINDOWS (9f5ebfd66899f1c8dacbdb74bcfd45ab)] -> id: salarymax]
2021-02-06 12:02:480 INFO  HomePage :84 - Enter salarytype [[ChromeDriver: chrome on WINDOWS (9f5ebfd66899f1c8dacbdb74bcfd45ab)] -> id: salarytype]
2021-02-06 12:02:619 INFO  HomePage :91 - Enter jobtype [[ChromeDriver: chrome on WINDOWS (9f5ebfd66899f1c8dacbdb74bcfd45ab)] -> id: tempperm]
2021-02-06 12:02:739 INFO  HomePage :100 - Enter jobtype [[ChromeDriver: chrome on WINDOWS (9f5ebfd66899f1c8dacbdb74bcfd45ab)] -> id: hp-search-btn]
2021-02-06 12:02:499 INFO  BrowserSelector :17 - Launching Chrome Browser
2021-02-06 12:02:142 INFO  HomePage :43 - Enter job title [[ChromeDriver: chrome on WINDOWS (05c8d1def3c475585842855eecfcf2f1)] -> id: keywords]
2021-02-06 12:02:261 INFO  HomePage :49 - Enter location title [[ChromeDriver: chrome on WINDOWS (05c8d1def3c475585842855eecfcf2f1)] -> id: location]
2021-02-06 12:02:401 INFO  HomePage :56 - Enter distance title [[ChromeDriver: chrome on WINDOWS (05c8d1def3c475585842855eecfcf2f1)] -> id: distance]
2021-02-06 12:02:655 INFO  HomePage :63 - Click on more search  [[ChromeDriver: chrome on WINDOWS (05c8d1def3c475585842855eecfcf2f1)] -> id: toggle-hp-search]
2021-02-06 12:02:870 INFO  HomePage :70 - Enter salarymin [[ChromeDriver: chrome on WINDOWS (05c8d1def3c475585842855eecfcf2f1)] -> id: salarymin]
2021-02-06 12:02:957 INFO  HomePage :78 - Enter salarymax [[ChromeDriver: chrome on WINDOWS (05c8d1def3c475585842855eecfcf2f1)] -> id: salarymax]
2021-02-06 12:02:31 INFO  HomePage :84 - Enter salarytype [[ChromeDriver: chrome on WINDOWS (05c8d1def3c475585842855eecfcf2f1)] -> id: salarytype]
2021-02-06 12:02:136 INFO  HomePage :91 - Enter jobtype [[ChromeDriver: chrome on WINDOWS (05c8d1def3c475585842855eecfcf2f1)] -> id: tempperm]
2021-02-06 12:02:317 INFO  HomePage :100 - Enter jobtype [[ChromeDriver: chrome on WINDOWS (05c8d1def3c475585842855eecfcf2f1)] -> id: hp-search-btn]
2021-02-06 12:02:371 INFO  BrowserSelector :17 - Launching Chrome Browser
2021-02-06 12:02:261 INFO  HomePage :43 - Enter job title [[ChromeDriver: chrome on WINDOWS (8bbf28771a5842a7204598a327a96e0b)] -> id: keywords]
2021-02-06 12:02:367 INFO  HomePage :49 - Enter location title [[ChromeDriver: chrome on WINDOWS (8bbf28771a5842a7204598a327a96e0b)] -> id: location]
2021-02-06 12:02:561 INFO  HomePage :56 - Enter distance title [[ChromeDriver: chrome on WINDOWS (8bbf28771a5842a7204598a327a96e0b)] -> id: distance]
2021-02-06 12:02:836 INFO  HomePage :63 - Click on more search  [[ChromeDriver: chrome on WINDOWS (8bbf28771a5842a7204598a327a96e0b)] -> id: toggle-hp-search]
2021-02-06 12:02:49 INFO  HomePage :70 - Enter salarymin [[ChromeDriver: chrome on WINDOWS (8bbf28771a5842a7204598a327a96e0b)] -> id: salarymin]
2021-02-06 12:02:139 INFO  HomePage :78 - Enter salarymax [[ChromeDriver: chrome on WINDOWS (8bbf28771a5842a7204598a327a96e0b)] -> id: salarymax]
2021-02-06 12:02:222 INFO  HomePage :84 - Enter salarytype [[ChromeDriver: chrome on WINDOWS (8bbf28771a5842a7204598a327a96e0b)] -> id: salarytype]
2021-02-06 12:02:345 INFO  HomePage :91 - Enter jobtype [[ChromeDriver: chrome on WINDOWS (8bbf28771a5842a7204598a327a96e0b)] -> id: tempperm]
2021-02-06 12:02:618 INFO  HomePage :100 - Enter jobtype [[ChromeDriver: chrome on WINDOWS (8bbf28771a5842a7204598a327a96e0b)] -> id: hp-search-btn]
2021-02-06 12:02:578 INFO  BrowserSelector :17 - Launching Chrome Browser
2021-02-06 12:02:189 INFO  HomePage :43 - Enter job title [[ChromeDriver: chrome on WINDOWS (9ab5f2b41a52b804f351a3fa2c8c27c5)] -> id: keywords]
2021-02-06 12:02:344 INFO  HomePage :49 - Enter location title [[ChromeDriver: chrome on WINDOWS (9ab5f2b41a52b804f351a3fa2c8c27c5)] -> id: location]
2021-02-06 12:02:497 INFO  HomePage :56 - Enter distance title [[ChromeDriver: chrome on WINDOWS (9ab5f2b41a52b804f351a3fa2c8c27c5)] -> id: distance]
2021-02-06 12:02:787 INFO  HomePage :63 - Click on more search  [[ChromeDriver: chrome on WINDOWS (9ab5f2b41a52b804f351a3fa2c8c27c5)] -> id: toggle-hp-search]
2021-02-06 12:02:956 INFO  HomePage :70 - Enter salarymin [[ChromeDriver: chrome on WINDOWS (9ab5f2b41a52b804f351a3fa2c8c27c5)] -> id: salarymin]
2021-02-06 12:02:141 INFO  HomePage :78 - Enter salarymax [[ChromeDriver: chrome on WINDOWS (9ab5f2b41a52b804f351a3fa2c8c27c5)] -> id: salarymax]
2021-02-06 12:02:250 INFO  HomePage :84 - Enter salarytype [[ChromeDriver: chrome on WINDOWS (9ab5f2b41a52b804f351a3fa2c8c27c5)] -> id: salarytype]
2021-02-06 12:02:366 INFO  HomePage :91 - Enter jobtype [[ChromeDriver: chrome on WINDOWS (9ab5f2b41a52b804f351a3fa2c8c27c5)] -> id: tempperm]
2021-02-06 12:02:557 INFO  HomePage :100 - Enter jobtype [[ChromeDriver: chrome on WINDOWS (9ab5f2b41a52b804f351a3fa2c8c27c5)] -> id: hp-search-btn]
2021-02-06 12:02:518 INFO  BrowserSelector :17 - Launching Chrome Browser
2021-02-06 12:02:680 INFO  HomePage :43 - Enter job title [[ChromeDriver: chrome on WINDOWS (009683a2ea4f0203ce3875d5eb66e76d)] -> id: keywords]
2021-02-06 12:02:848 INFO  HomePage :49 - Enter location title [[ChromeDriver: chrome on WINDOWS (009683a2ea4f0203ce3875d5eb66e76d)] -> id: location]
2021-02-06 12:02:112 INFO  HomePage :56 - Enter distance title [[ChromeDriver: chrome on WINDOWS (009683a2ea4f0203ce3875d5eb66e76d)] -> id: distance]
2021-02-06 12:02:381 INFO  HomePage :63 - Click on more search  [[ChromeDriver: chrome on WINDOWS (009683a2ea4f0203ce3875d5eb66e76d)] -> id: toggle-hp-search]
2021-02-06 12:02:715 INFO  HomePage :70 - Enter salarymin [[ChromeDriver: chrome on WINDOWS (009683a2ea4f0203ce3875d5eb66e76d)] -> id: salarymin]
2021-02-06 12:02:839 INFO  HomePage :78 - Enter salarymax [[ChromeDriver: chrome on WINDOWS (009683a2ea4f0203ce3875d5eb66e76d)] -> id: salarymax]
2021-02-06 12:02:991 INFO  HomePage :84 - Enter salarytype [[ChromeDriver: chrome on WINDOWS (009683a2ea4f0203ce3875d5eb66e76d)] -> id: salarytype]
2021-02-06 12:02:179 INFO  HomePage :91 - Enter jobtype [[ChromeDriver: chrome on WINDOWS (009683a2ea4f0203ce3875d5eb66e76d)] -> id: tempperm]
2021-02-06 12:02:443 INFO  HomePage :100 - Enter jobtype [[ChromeDriver: chrome on WINDOWS (009683a2ea4f0203ce3875d5eb66e76d)] -> id: hp-search-btn]
2021-02-06 12:02:952 INFO  BrowserSelector :17 - Launching Chrome Browser
2021-02-06 12:02:31 INFO  HomePage :48 - Enter job title [[ChromeDriver: chrome on WINDOWS (8c2d225471ff4b144fbfca0671b723f3)] -> id: keywords]
2021-02-06 12:02:321 INFO  HomePage :54 - Enter location title [[ChromeDriver: chrome on WINDOWS (8c2d225471ff4b144fbfca0671b723f3)] -> id: location]
2021-02-06 12:02:542 INFO  HomePage :61 - Enter distance title [[ChromeDriver: chrome on WINDOWS (8c2d225471ff4b144fbfca0671b723f3)] -> id: distance]
2021-02-06 12:02:794 INFO  HomePage :68 - Click on more search  [[ChromeDriver: chrome on WINDOWS (8c2d225471ff4b144fbfca0671b723f3)] -> id: toggle-hp-search]
2021-02-06 12:02:139 INFO  HomePage :75 - Enter salarymin [[ChromeDriver: chrome on WINDOWS (8c2d225471ff4b144fbfca0671b723f3)] -> id: salarymin]
2021-02-06 12:02:252 INFO  HomePage :83 - Enter salarymax [[ChromeDriver: chrome on WINDOWS (8c2d225471ff4b144fbfca0671b723f3)] -> id: salarymax]
2021-02-06 12:02:391 INFO  HomePage :89 - Enter salarytype [[ChromeDriver: chrome on WINDOWS (8c2d225471ff4b144fbfca0671b723f3)] -> id: salarytype]
2021-02-06 12:02:543 INFO  HomePage :96 - Enter jobtype [[ChromeDriver: chrome on WINDOWS (8c2d225471ff4b144fbfca0671b723f3)] -> id: tempperm]
2021-02-06 12:02:749 INFO  HomePage :105 - Enter jobtype [[ChromeDriver: chrome on WINDOWS (8c2d225471ff4b144fbfca0671b723f3)] -> id: hp-search-btn]
2021-02-06 12:02:533 INFO  BrowserSelector :17 - Launching Chrome Browser
2021-02-06 12:02:203 INFO  HomePage :48 - Enter job title [[ChromeDriver: chrome on WINDOWS (c984b1622d679cb1d2e2a7c9fd1237ff)] -> id: keywords]
2021-02-06 12:02:365 INFO  HomePage :54 - Enter location title [[ChromeDriver: chrome on WINDOWS (c984b1622d679cb1d2e2a7c9fd1237ff)] -> id: location]
2021-02-06 12:02:624 INFO  HomePage :61 - Enter distance title [[ChromeDriver: chrome on WINDOWS (c984b1622d679cb1d2e2a7c9fd1237ff)] -> id: distance]
2021-02-06 12:02:585 INFO  BrowserSelector :17 - Launching Chrome Browser
2021-02-06 12:02:232 INFO  HomePage :51 - Enter job title [[ChromeDriver: chrome on WINDOWS (32ef6899a2f9737e41519903138fe362)] -> id: keywords]
2021-02-06 12:02:377 INFO  HomePage :57 - Enter location title [[ChromeDriver: chrome on WINDOWS (32ef6899a2f9737e41519903138fe362)] -> id: location]
2021-02-06 12:02:706 INFO  HomePage :64 - Enter distance title [[ChromeDriver: chrome on WINDOWS (32ef6899a2f9737e41519903138fe362)] -> id: distance]
2021-02-06 12:02:873 INFO  HomePage :71 - Click on more search  [[ChromeDriver: chrome on WINDOWS (32ef6899a2f9737e41519903138fe362)] -> id: toggle-hp-search]
2021-02-06 12:02:63 INFO  HomePage :78 - Enter salarymin [[ChromeDriver: chrome on WINDOWS (32ef6899a2f9737e41519903138fe362)] -> id: salarymin]
2021-02-06 12:02:535 INFO  HomePage :86 - Enter salarymax [[ChromeDriver: chrome on WINDOWS (32ef6899a2f9737e41519903138fe362)] -> id: salarymax]
2021-02-06 12:02:685 INFO  HomePage :92 - Enter salarytype [[ChromeDriver: chrome on WINDOWS (32ef6899a2f9737e41519903138fe362)] -> id: salarytype]
2021-02-06 12:02:966 INFO  HomePage :99 - Enter jobtype [[ChromeDriver: chrome on WINDOWS (32ef6899a2f9737e41519903138fe362)] -> id: tempperm]
2021-02-06 12:02:192 INFO  HomePage :108 - Enter jobtype [[ChromeDriver: chrome on WINDOWS (32ef6899a2f9737e41519903138fe362)] -> id: hp-search-btn]
2021-02-06 13:02:495 INFO  BrowserSelector :17 - Launching Chrome Browser
2021-02-06 13:02:84 INFO  HomePage :51 - Enter job title [[ChromeDriver: chrome on WINDOWS (40eeefc3a2d3f706117a88910f99ad37)] -> id: keywords]
2021-02-06 13:02:228 INFO  HomePage :57 - Enter location title [[ChromeDriver: chrome on WINDOWS (40eeefc3a2d3f706117a88910f99ad37)] -> id: location]
2021-02-06 13:02:566 INFO  HomePage :64 - Enter distance title [[ChromeDriver: chrome on WINDOWS (40eeefc3a2d3f706117a88910f99ad37)] -> id: distance]
2021-02-06 13:02:494 INFO  HomePage :71 - Click on more search  [[ChromeDriver: chrome on WINDOWS (40eeefc3a2d3f706117a88910f99ad37)] -> id: toggle-hp-search]
2021-02-06 13:02:746 INFO  HomePage :78 - Enter salarymin [[ChromeDriver: chrome on WINDOWS (40eeefc3a2d3f706117a88910f99ad37)] -> id: salarymin]
2021-02-06 13:02:893 INFO  HomePage :86 - Enter salarymax [[ChromeDriver: chrome on WINDOWS (40eeefc3a2d3f706117a88910f99ad37)] -> id: salarymax]
2021-02-06 13:02:130 INFO  HomePage :92 - Enter salarytype [[ChromeDriver: chrome on WINDOWS (40eeefc3a2d3f706117a88910f99ad37)] -> id: salarytype]
2021-02-06 13:02:301 INFO  HomePage :99 - Enter jobtype [[ChromeDriver: chrome on WINDOWS (40eeefc3a2d3f706117a88910f99ad37)] -> id: tempperm]
2021-02-06 13:02:467 INFO  HomePage :108 - Enter jobtype [[ChromeDriver: chrome on WINDOWS (40eeefc3a2d3f706117a88910f99ad37)] -> id: hp-search-btn]
2021-02-06 13:02:165 INFO  BrowserSelector :17 - Launching Chrome Browser
2021-02-06 13:02:935 INFO  HomePage :51 - Enter job title [[ChromeDriver: chrome on WINDOWS (3fcfabd96737e8d184adb94decb2bd08)] -> id: keywords]
2021-02-06 13:02:274 INFO  HomePage :57 - Enter location title [[ChromeDriver: chrome on WINDOWS (3fcfabd96737e8d184adb94decb2bd08)] -> id: location]
2021-02-06 13:02:588 INFO  HomePage :64 - Enter distance title [[ChromeDriver: chrome on WINDOWS (3fcfabd96737e8d184adb94decb2bd08)] -> id: distance]
2021-02-06 13:02:386 INFO  HomePage :71 - Click on more search  [[ChromeDriver: chrome on WINDOWS (3fcfabd96737e8d184adb94decb2bd08)] -> id: toggle-hp-search]
2021-02-06 13:02:687 INFO  HomePage :78 - Enter salarymin [[ChromeDriver: chrome on WINDOWS (3fcfabd96737e8d184adb94decb2bd08)] -> id: salarymin]
2021-02-06 13:02:793 INFO  HomePage :86 - Enter salarymax [[ChromeDriver: chrome on WINDOWS (3fcfabd96737e8d184adb94decb2bd08)] -> id: salarymax]
2021-02-06 13:02:69 INFO  HomePage :92 - Enter salarytype [[ChromeDriver: chrome on WINDOWS (3fcfabd96737e8d184adb94decb2bd08)] -> id: salarytype]
2021-02-06 13:02:289 INFO  HomePage :99 - Enter jobtype [[ChromeDriver: chrome on WINDOWS (3fcfabd96737e8d184adb94decb2bd08)] -> id: tempperm]
2021-02-06 13:02:454 INFO  HomePage :108 - Enter jobtype [[ChromeDriver: chrome on WINDOWS (3fcfabd96737e8d184adb94decb2bd08)] -> id: hp-search-btn]
2021-02-06 13:02:391 INFO  BrowserSelector :17 - Launching Chrome Browser
2021-02-06 13:02:364 INFO  HomePage :51 - Enter job title [[ChromeDriver: chrome on WINDOWS (74fe0b2e22082bb09e4660daca99a55e)] -> id: keywords]
2021-02-06 13:02:466 INFO  HomePage :57 - Enter location title [[ChromeDriver: chrome on WINDOWS (74fe0b2e22082bb09e4660daca99a55e)] -> id: location]
2021-02-06 13:02:715 INFO  HomePage :64 - Enter distance title [[ChromeDriver: chrome on WINDOWS (74fe0b2e22082bb09e4660daca99a55e)] -> id: distance]
2021-02-06 13:02:751 INFO  HomePage :71 - Click on more search  [[ChromeDriver: chrome on WINDOWS (74fe0b2e22082bb09e4660daca99a55e)] -> id: toggle-hp-search]
2021-02-06 13:02:915 INFO  HomePage :78 - Enter salarymin [[ChromeDriver: chrome on WINDOWS (74fe0b2e22082bb09e4660daca99a55e)] -> id: salarymin]
2021-02-06 13:02:178 INFO  HomePage :86 - Enter salarymax [[ChromeDriver: chrome on WINDOWS (74fe0b2e22082bb09e4660daca99a55e)] -> id: salarymax]
2021-02-06 13:02:302 INFO  HomePage :92 - Enter salarytype [[ChromeDriver: chrome on WINDOWS (74fe0b2e22082bb09e4660daca99a55e)] -> id: salarytype]
2021-02-06 13:02:483 INFO  HomePage :99 - Enter jobtype [[ChromeDriver: chrome on WINDOWS (74fe0b2e22082bb09e4660daca99a55e)] -> id: tempperm]
2021-02-06 13:02:733 INFO  HomePage :108 - Enter jobtype [[ChromeDriver: chrome on WINDOWS (74fe0b2e22082bb09e4660daca99a55e)] -> id: hp-search-btn]
2021-02-06 13:02:816 INFO  BrowserSelector :17 - Launching Chrome Browser
2021-02-06 13:02:411 INFO  HomePage :57 - Enter job title [[ChromeDriver: chrome on WINDOWS (684ecd2e3de09b61b920d30b52535f94)] -> id: keywords]
2021-02-06 13:02:543 INFO  HomePage :64 - Enter location title [[ChromeDriver: chrome on WINDOWS (684ecd2e3de09b61b920d30b52535f94)] -> id: location]
2021-02-06 13:02:718 INFO  HomePage :71 - Enter distance title [[ChromeDriver: chrome on WINDOWS (684ecd2e3de09b61b920d30b52535f94)] -> id: distance]
2021-02-06 13:02:629 INFO  HomePage :78 - Click on more search  [[ChromeDriver: chrome on WINDOWS (684ecd2e3de09b61b920d30b52535f94)] -> id: toggle-hp-search]
2021-02-06 13:02:783 INFO  HomePage :85 - Enter salarymin [[ChromeDriver: chrome on WINDOWS (684ecd2e3de09b61b920d30b52535f94)] -> id: salarymin]
2021-02-06 13:02:888 INFO  HomePage :93 - Enter salarymax [[ChromeDriver: chrome on WINDOWS (684ecd2e3de09b61b920d30b52535f94)] -> id: salarymax]
2021-02-06 13:02:102 INFO  HomePage :99 - Enter salarytype [[ChromeDriver: chrome on WINDOWS (684ecd2e3de09b61b920d30b52535f94)] -> id: salarytype]
2021-02-06 13:02:295 INFO  HomePage :106 - Enter jobtype [[ChromeDriver: chrome on WINDOWS (684ecd2e3de09b61b920d30b52535f94)] -> id: tempperm]
2021-02-06 13:02:437 INFO  HomePage :115 - Enter jobtype [[ChromeDriver: chrome on WINDOWS (684ecd2e3de09b61b920d30b52535f94)] -> id: hp-search-btn]
2021-02-06 17:02:655 INFO  BrowserSelector :17 - Launching Chrome Browser
2021-02-06 17:02:595 INFO  HomePage :57 - Enter job title [[ChromeDriver: chrome on WINDOWS (df1ef745e96e97d6ebe26facf1da5356)] -> id: keywords]
2021-02-06 17:02:695 INFO  HomePage :64 - Enter location title [[ChromeDriver: chrome on WINDOWS (df1ef745e96e97d6ebe26facf1da5356)] -> id: location]
2021-02-06 17:02:843 INFO  HomePage :71 - Enter distance title [[ChromeDriver: chrome on WINDOWS (df1ef745e96e97d6ebe26facf1da5356)] -> id: distance]
2021-02-06 17:02:363 INFO  HomePage :78 - Click on more search  [[ChromeDriver: chrome on WINDOWS (df1ef745e96e97d6ebe26facf1da5356)] -> id: toggle-hp-search]
2021-02-06 17:02:556 INFO  HomePage :85 - Enter salarymin [[ChromeDriver: chrome on WINDOWS (df1ef745e96e97d6ebe26facf1da5356)] -> id: salarymin]
2021-02-06 17:02:636 INFO  HomePage :93 - Enter salarymax [[ChromeDriver: chrome on WINDOWS (df1ef745e96e97d6ebe26facf1da5356)] -> id: salarymax]
2021-02-06 17:02:720 INFO  HomePage :99 - Enter salarytype [[ChromeDriver: chrome on WINDOWS (df1ef745e96e97d6ebe26facf1da5356)] -> id: salarytype]
2021-02-06 17:02:836 INFO  HomePage :106 - Enter jobtype [[ChromeDriver: chrome on WINDOWS (df1ef745e96e97d6ebe26facf1da5356)] -> id: tempperm]
2021-02-06 17:02:986 INFO  HomePage :115 - Enter jobtype [[ChromeDriver: chrome on WINDOWS (df1ef745e96e97d6ebe26facf1da5356)] -> id: hp-search-btn]
2021-02-06 19:02:692 INFO  BrowserSelector :17 - Launching Chrome Browser
2021-02-06 19:02:467 INFO  HomePage :53 - Enter job title [[ChromeDriver: chrome on WINDOWS (057948b3ce54dc0b2bcadeefcd838b2d)] -> id: keywords]
2021-02-06 19:02:584 INFO  HomePage :60 - Enter location title [[ChromeDriver: chrome on WINDOWS (057948b3ce54dc0b2bcadeefcd838b2d)] -> id: location]
2021-02-06 19:02:740 INFO  HomePage :67 - Enter distance title [[ChromeDriver: chrome on WINDOWS (057948b3ce54dc0b2bcadeefcd838b2d)] -> id: distance]
2021-02-06 19:02:174 INFO  HomePage :74 - Click on more search  [[ChromeDriver: chrome on WINDOWS (057948b3ce54dc0b2bcadeefcd838b2d)] -> id: toggle-hp-search]
2021-02-06 19:02:354 INFO  HomePage :81 - Enter salarymin [[ChromeDriver: chrome on WINDOWS (057948b3ce54dc0b2bcadeefcd838b2d)] -> id: salarymin]
2021-02-06 19:02:506 INFO  HomePage :89 - Enter salarymax [[ChromeDriver: chrome on WINDOWS (057948b3ce54dc0b2bcadeefcd838b2d)] -> id: salarymax]
2021-02-06 19:02:630 INFO  HomePage :95 - Enter salarytype [[ChromeDriver: chrome on WINDOWS (057948b3ce54dc0b2bcadeefcd838b2d)] -> id: salarytype]
2021-02-06 19:02:853 INFO  HomePage :102 - Enter jobtype [[ChromeDriver: chrome on WINDOWS (057948b3ce54dc0b2bcadeefcd838b2d)] -> id: tempperm]
2021-02-06 19:02:964 INFO  HomePage :111 - Enter jobtype [[ChromeDriver: chrome on WINDOWS (057948b3ce54dc0b2bcadeefcd838b2d)] -> id: hp-search-btn]
2021-02-11 09:02:876 INFO  BrowserSelector :17 - Launching Chrome Browser
2021-02-11 09:02:41 INFO  HomePage :53 - Enter job title [[ChromeDriver: chrome on WINDOWS (18b7158a80dea280a632210b8e84e1e7)] -> id: keywords]
2021-02-11 09:02:192 INFO  HomePage :60 - Enter location title [[ChromeDriver: chrome on WINDOWS (18b7158a80dea280a632210b8e84e1e7)] -> id: location]
2021-02-11 09:02:340 INFO  HomePage :67 - Enter distance title [[ChromeDriver: chrome on WINDOWS (18b7158a80dea280a632210b8e84e1e7)] -> id: distance]
2021-02-11 09:02:01 INFO  HomePage :74 - Click on more search  [[ChromeDriver: chrome on WINDOWS (18b7158a80dea280a632210b8e84e1e7)] -> id: toggle-hp-search]
2021-02-11 09:02:114 INFO  HomePage :81 - Enter salarymin [[ChromeDriver: chrome on WINDOWS (18b7158a80dea280a632210b8e84e1e7)] -> id: salarymin]
2021-02-11 09:02:190 INFO  HomePage :89 - Enter salarymax [[ChromeDriver: chrome on WINDOWS (18b7158a80dea280a632210b8e84e1e7)] -> id: salarymax]
2021-02-11 09:02:272 INFO  HomePage :95 - Enter salarytype [[ChromeDriver: chrome on WINDOWS (18b7158a80dea280a632210b8e84e1e7)] -> id: salarytype]
2021-02-11 09:02:395 INFO  HomePage :102 - Enter jobtype [[ChromeDriver: chrome on WINDOWS (18b7158a80dea280a632210b8e84e1e7)] -> id: tempperm]
2021-02-11 09:02:561 INFO  HomePage :111 - Enter jobtype [[ChromeDriver: chrome on WINDOWS (18b7158a80dea280a632210b8e84e1e7)] -> id: hp-search-btn]
2021-02-12 20:02:707 INFO  BrowserSelector :17 - Launching Chrome Browser
2021-02-12 20:02:483 INFO  HomePage :53 - Enter job title [[ChromeDriver: chrome on WINDOWS (1bf84b994bafb3ed77cd798ecec8d80a)] -> id: keywords]
2021-02-12 20:02:603 INFO  HomePage :60 - Enter location title [[ChromeDriver: chrome on WINDOWS (1bf84b994bafb3ed77cd798ecec8d80a)] -> id: location]
2021-02-12 20:02:747 INFO  HomePage :67 - Enter distance title [[ChromeDriver: chrome on WINDOWS (1bf84b994bafb3ed77cd798ecec8d80a)] -> id: distance]
2021-02-12 20:02:267 INFO  HomePage :74 - Click on more search  [[ChromeDriver: chrome on WINDOWS (1bf84b994bafb3ed77cd798ecec8d80a)] -> id: toggle-hp-search]
2021-02-12 20:02:495 INFO  HomePage :81 - Enter salarymin [[ChromeDriver: chrome on WINDOWS (1bf84b994bafb3ed77cd798ecec8d80a)] -> id: salarymin]
2021-02-12 20:02:563 INFO  HomePage :89 - Enter salarymax [[ChromeDriver: chrome on WINDOWS (1bf84b994bafb3ed77cd798ecec8d80a)] -> id: salarymax]
2021-02-12 20:02:643 INFO  HomePage :95 - Enter salarytype [[ChromeDriver: chrome on WINDOWS (1bf84b994bafb3ed77cd798ecec8d80a)] -> id: salarytype]
2021-02-12 20:02:763 INFO  HomePage :102 - Enter jobtype [[ChromeDriver: chrome on WINDOWS (1bf84b994bafb3ed77cd798ecec8d80a)] -> id: tempperm]
2021-02-12 20:02:883 INFO  HomePage :111 - Enter jobtype [[ChromeDriver: chrome on WINDOWS (1bf84b994bafb3ed77cd798ecec8d80a)] -> id: hp-search-btn]
